Files:
SGAmod.dll
You can find this mod's .dll files under C:\Users\Sylvain\Documents\My Games\Terraria\tModLoader\ModSources\ModAssemblies for easy mod collaboration!
SGAmod.pdb
build.txt
Generation/Overworld/DankShrine_Icon.png
Items/Materials/Environment/FrigidShard.png
Generation/Overworld/DarkSector_Icon.png
Items/Materials/Environment/IceFairyDust.png
Items/DamageClasses/ApplyDamageClasses.cs
description.txt
Items/DamageClasses/MeleeRanged.cs
Items/DamageClasses/MeleeThrowing.cs
Items/Misc/Nightmare.cs
Items/Materials/Environment/IlluminantEssence.png
Items/Consumables/Potions/FlaskOfLifeLeech.png
Assets/Textures/Backgrounds/DankShrineBiome2.png
Items/Armor/JellyBru/JellybruLeggings.png
Items/Quests/LostNotes.png
Items/Armor/SpaceDiver/SpaceDiverLeggings.png
Items/Consumables/Potions/IceFirePotion.png
Items/Placeable/Environment/MoistSand.png
description_old13.txt
Items/Consumables/Potions/IntimacyPotion.png
icon.png
NPCs/TownNPCs/ContrabandMerchant.cs
Items/Consumables/Potions/PhalanxPotion.png
Tiles/Furniture/DankWood/DankWoodToilet.png
Items/Placeable/Furniture/DankWood/SwampWoodWall.cs
Items/Placeable/CraftingStations/PrismalExtractor.cs
Items/Consumables/Potions/FlaskOfSoulSap.png
Items/Placeable/Environment/MoistStone.cs
Assets/Textures/Backgrounds/DankShrineBiome1.png
NPCs/Bosses/SpiderQueen/Gores/SpiderBody.png
Items/Placeable/Furniture/DankWood/SwampWoodWall.png
Items/Accessories/Defense/CorrodedSkull.cs
Items/DamageClasses/RangedThrowing.cs
Items/Placeable/Environment/MoistStone.png
NPCs/Bosses/SpiderQueen/Gores/SpiderLeg1.png
Items/Consumables/Potions/FuryPotion.png
Core/ArmorUseGlowHead.cs
icon_small.png
Tiles/Furniture/DankWood/DankWoodTable.png
Core/ArmorUseGlowLegs.cs
Items/Armor/JellyBru/JellybruLeggings_Legs.png
Items/Armor/SpaceDiver/SpaceDiverHelmet_Head.png
Tiles/Furniture/DankWood/DankWoodTorch_Flame.png
Core/EffectsSystem.cs
NPCs/Bosses/SpiderQueen/Gores/SpiderLeg2.png
SGAmod.cs
Items/Armor/JellyBru/JellybruHelmet_Head.png
Items/Placeable/Environment/SwampWall.cs
Items/Misc/ExpertiseItem.cs
Items/Armor/JungleTemplar/JungleTemplar.cs_
Items/Armor/JungleTemplar/JungleTemplarChestplate.png
Core/ExpertiseCurrency.cs
Core/ItemSets.cs
Items/Armor/JungleTemplar/JungleTemplarHelmet.png
NPCs/Bosses/SpiderQueen/Gores/SpiderManible.png
Items/Consumables/Potions/RadCurePotion.png
Items/Misc/ExpertiseItem.png
Tiles/Furniture/DankWood/DankWoodToilet_Highlight.png
Tiles/Furniture/DankWood/DankWoodWall.cs
Core/ILHacks.cs
Items/Placeable/Environment/SwampWall.png
SGAmod.sln
Items/Accessories/Defense/CorrodedSkull.png
Items/Armor/Valkyrie/Valkyrie.cs_
Assets/Textures/Backgrounds/DankShrineBiome3.png
Core/ArmorUseGlowBody.cs
Core/SGAConfig.cs
Core/SGAInterfaces.cs
Items/Armor/Valkyrie/ValkyrieBreastplate.png
Items/Consumables/Potions/TimePotion.png
Core/SGAPlayer_ActionCooldownStacks.cs
NPCs/TownNPCs/ContrabandMerchant_Head_Alt.png
Items/Consumables/Potions/TinkerPotion.png
Core/SGANPCs.cs
Items/Consumables/Potions/TooltimePotion.png
Core/SGAOverlays.cs
Generation/Overworld/Gores/DankShrineWaterDrip.png
Items/Consumables/Potions/ToxicityPotion.png
Items/Armor/Blazewyrm/BlazewyrmBreastplate.png
Items/Placeable/CraftingStations/PrismalExtractor.png
Items/Consumables/Potions/TriggerFingerPotion.png
Items/Armor/JungleTemplar/JungleTemplarHelmet_Glow.png
Items/Placeable/CraftingStations/ReverseEngineeringStation.cs
Core/SGAPlayer_Apocalyptical.cs
Core/SGAPlayer.cs
Items/Placeable/CraftingStations/ReverseEngineeringStation.png
Dusts/NovusSparkle.png
NPCs/TownNPCs/ContrabandMerchant.png
Items/Accessories/Defense/CorrodedSkull_Face.png
NPCs/TownNPCs/ContrabandMerchantPoof.png
Dusts/NovusSparkleBlue.png
Items/Consumables/Potions/TrueStrikePotion.png
Items/Accessories/Expert/AlkalescentHeart.cs
Core/SGAPlayer_Expertise.cs
Dusts/Binary.png
Items/Consumables/Potions/Vodka.png
Core/SGAProjectile.cs
Dusts/RadioDust.cs
NPCs/Bosses/SpiderQueen/SpiderClaw.png
Items/Accessories/Expert/AlkalescentHeart.png
NPCs/Bosses/SpiderQueen/SpiderClaw_Glow.png
Dusts/LeviDust.png
Items/Weapons/Shields/CorrodedShield.png
Items/Armor/Blazewyrm/Blazewyrm.cs
NPCs/Bosses/SpiderQueen/SpiderLeg.png
Tiles/Furniture/DankWood/DankWoodTorch.png
Dusts/RadioDust.png
Tiles/Furniture/DankWood/NoviteCandle.png
Core/SGARecipes.cs
Tiles/Furniture/DankWood/NoviteCandle_Flame.png
Items/Armor/JungleTemplar/JungleTemplarHelmet_Head.png
NPCs/Bosses/SpiderQueen/SpiderQueen.cs
Items/Armor/JungleTemplar/JungleTemplarLeggings.png
Dusts/TornadoDust.cs
Dusts/TornadoDust.png
NPCs/Bosses/SpiderQueen/SpiderQueen.png
changelog_old13.txt
Core/SGAWorld.cs
NPCs/Bosses/SpiderQueen/SpiderQueenCorrodedSkull.png
Localization/en-US.hjson
Tiles/Furniture/DankWood/DankWoodWall.png
Tiles/Furniture/DankWood/DankWoodWorkbench.png
Localization/en-US_Mods.SGAmod.Items.hjson
Tiles/Furniture/DankWood/NoviteCandelabra.png
Dusts/MangroveDust.cs
Localization/en-US_Mods.SGAmod.NPCs.hjson
Items/Weapons/Shields/CorrodedShieldProj.png
Dusts/MangroveDust.png
NPCs/TownNPCs/ContrabandMerchant_Head.png
Items/Consumables/Potions/RagnarokBrew.png
Localization/en-US_Mods.SGAmod.Projectiles.hjson
Localization/en-US_Mods.SGAmod.Tiles.hjson
Items/Materials/Bars/AdvancedPlating.png
Properties/launchSettings.json
Tiles/Furniture/DankWood/NoviteChandelier.png
Textures/ActionCooldown.png
Textures/AmmoHud.png
Items/Armor/SpaceDiver/SpaceDiverLeggings_Glow.png
Textures/BoostBar.png
Dusts/AcidDust.cs
Tiles/Furniture/DankWood/NoviteChandelier_Flame.png
NPCs/TownNPCs/Goat.cs
Tiles/Furniture/DankWood/SwampWoodWall.cs
Effects/Shockwave.xnb
NPCs/TownNPCs/ContrabandMerchant_Alt.png
Items/Armor/Blazewyrm/BlazewyrmHelm_Head_Glow.png
Dusts/AcidDust.png
Items/Armor/Blazewyrm/BlazewyrmLeggings.png
Items/Armor/Blazewyrm/BlazewyrmBreastplate_Body.png
Items/Armor/JungleTemplar/JungleTemplarLeggings_Legs.png
Dusts/DankShrineWaterDust.cs
Tiles/Furniture/DankWood/NoviteCandelabra_Flame.png
NPCs/TownNPCs/Goat_Head.png
Items/Consumables/Potions/ReflexPotion.png
Projectiles/Magic/DD2DrakinShotFriendly.cs
Items/FlavorTooltips.cs
Items/Materials/Bars/DrakeniteBarHalf.png
Items/Consumables/Potions/SpaceBenderPotion.png
Items/Armor/Vanity/AncientSpaceDiver/AncientSpaceDiverChestplate.png
Items/Armor/Valkyrie/ValkyrieLeggings_Legs.png
Tiles/Bars/Entrophite.cs
Items/Armor/DankWood/DankWoodHelmet_Head.png
Items/Materials/Bars/Entrophite.cs
Items/Armor/DankWood/DankWoodLeggings.png
Items/Materials/Bars/Entrophite.png
Items/Armor/JungleTemplar/JungleTemplarChestplate_Body.png
Buffs/Debuffs/AcidBurn.cs
NPCs/TownNPCs/Dergon.png
Buffs/Debuffs/AcidBurn.png
Items/Materials/Bars/Cryostal.cs
Generation/Overworld/DankShrineBiome1.png
Sounds/Custom/ApocalypticalHit.ogg
Items/Materials/Bars/CryostalBar.png
Dusts/NovusSparkle.cs
Generation/Overworld/DankShrineBiome2.png
Items/Armor/Valkyrie/ValkyrieChestplate_Body.png
NPCs/TownNPCs/Dergon_Head.png
Items/Materials/Bars/OverseenCrystal.png
Generation/Overworld/DankShrineBackgroundStyle.cs
Items/Armor/Valkyrie/ValkyrieHelm.png
Items/Materials/Bars/Photosyte.cs
Items/Armor/Blazewyrm/BlazewyrmHelm.png
Items/Materials/Bars/Photosyte.png
Items/Armor/Vanity/HellionsCrown.cs
Items/Materials/Bars/PhotosyteBar.png
Items/Materials/Bars/Prismal.cs
Items/Materials/Bars/Drakenite.cs
Items/Materials/Bars/PrismalBar.png
Tiles/CraftingStations/ReverseEngineeringStation.cs
Items/Materials/Bars/PrismalOre.png
Generation/Overworld/DankShrineBiome3.png
Items/Materials/Bars/StarMetal.cs
Generation/Overworld/DankShrineBiome.cs
Items/Armor/Vanity/HellionsCrown.png
Tiles/CraftingStations/ReverseEngineeringStation.png
Items/Materials/Bars/DrakeniteBar.png
Items/Materials/Bars/VibraniumCrystal.png
Items/Materials/Bars/StarMetalBar.png
Items/Materials/Bars/VibraniumPlating.png
Generation/Overworld/DankShrineBiomeExtra.png
NPCs/TownNPCs/Goat.png
Items/Armor/Valkyrie/ValkyrieHelm_Head.png
Items/Materials/Bars/StarMetalMold.png
Items/Materials/Bars/Vibranium.cs
Items/Materials/Bars/Virulent.cs
Items/Armor/Valkyrie/ValkyrieLeggings.png
Items/Materials/Bars/VibraniumBar.png
Items/Armor/Blazewyrm/BlazewyrmHelm_Head.png
Items/Materials/BossDrops/LuminiteWraithNotch.png
Tiles/Environment/MudCactus.png
Tiles/Bars/Entrophite.png
Sounds/Music/DankShrine.ogg
Generation/Overworld/DankShrineWaterfallStyle.png
Tiles/Furniture/DankWood/SwampWoodWall.png
Items/Materials/BossDrops/LunarRoyalGel.png
Generation/Overworld/DankShrineWaterStyle.cs
Generation/Overworld/DankShrineBiome0.png
Items/Materials/BossDrops/RawAvarice.png
Items/Materials/Bars/VirulentBar.png
Tiles/Environment/NullWall.cs
Items/Materials/BossDrops/TinWraithShard.png
Items/Materials/BossDrops/VialOfAcid.png
Items/Armor/Vibranium/Vibranium.cs_
Items/Materials/Crafted/BottledMud.png
Items/Armor/Engineer/Engineer.cs
Items/Armor/Vibranium/VibraniumChestplate.png
Items/Materials/Environment/DankCore.png
Items/Armor/Vanity/AncientSpaceDiver/AncientSpaceDiverChestplate_Body.png
Items/Armor/Vanity/HellionsCrown_Head.png
NPCs/Bosses/SpiderQueen/SpiderQueenLog.png
Items/Armor/Vanity/MasterfullyCraftedHatOfTheDragonGods.cs
Items/Materials/Environment/EnvironmentMaterials.cs
Items/Materials/Bars/VirulentOre.png
Items/Armor/Engineer/EngineerChestplate.png
Items/Materials/Environment/FieryShard.png
Items/Armor/Vanity/AncientSpaceDiver/AncientSpaceDiverHelm.png
Items/Armor/SpaceDiver/SpaceDiverLeggings_Legs.png
Dusts/DankShrineWaterDust.png
Tiles/Environment/SwampGrassGrow.png
Tiles/Environment/SwampGrassGrow2.png
Items/Materials/Environment/Fridgeflame.png
NPCs/TownNPCs/Gores/Dergon_Gore_Head.png
Items/Materials/Bars/Glowrock.png
NPCs/Bosses/SpiderQueen/SpiderQueenOverlay.png
Tiles/Environment/SwampGrassGrow3.png
NPCs/TownNPCs/Gores/Dergon_Gore_Leg.png
Tiles/Furniture/DankWood/DankWoodBed_Highlight.png
Items/Armor/Vanity/AncientUnmaned/AncientUnmanedHood_Head.png
NPCs/TownNPCs/Gores/ContrabandMerchant_Gore_Leg.png
Dusts/FadeDust.cs
NPCs/TownNPCs/Gores/Dergon_Gore_Wing.png
Tiles/Environment/SwampWall.cs
Items/Materials/Bars/Novite.cs
NPCs/TownNPCs/Gores/Goat_Gore_Arm.png
NPCs/TownNPCs/Gores/Goat_Gore_Head.png
NPCs/TownNPCs/Gores/Goat_Gore_Leg.png
Tiles/Furniture/Paintings/SGAPaintings12X7.png
Tiles/Bars/NoviteOreTile.png
Tiles/Bars/NovusOreTile.cs
Tiles/Environment/NullWall.png
Tiles/Environment/AncientFabric.png
Items/Materials/Bars/WovenEntrophite.png
Items/Materials/BossDrops/AuroraTear.png
NPCs/Bosses/SpiderQueen/SpiderQueenProjectiles.cs
Items/Materials/BossDrops/AuroraTearAwoken.png
Items/Materials/Bars/NoviteBar.png
Items/Armor/Vibranium/VibraniumHelmet_Head.png
Items/Armor/Vibranium/VibraniumHood.png
Items/Materials/Bars/NoviteOre.png
Items/Armor/Magatsu/MagastuRobes_Body.png
Items/Armor/Engineer/EngineerChestplate_Body.png
Items/Armor/Engineer/EngineerHelmet.png
Items/Armor/Magatsu/Magatsu.cs_
Items/Materials/BossDrops/BossDrops.cs
Items/Materials/Bars/Novus.cs
Items/Armor/Magatsu/MagatsuPants_Glow.png
Items/Materials/BossDrops/BronzeWraithShard.png
Items/Armor/Vibranium/VibraniumChestplate_Body.png
Items/Materials/BossDrops/CobaltWraithNotch.png
Sounds/Music/SpiderQueen.ogg
Items/Armor/Vibranium/VibraniumHat.png
NPCs/Bosses/SpiderQueen/SpiderQueen_Glow.png
NPCs/Bosses/SpiderQueen/SpiderQueen_Head_Boss.png
NPCs/Bosses/SpiderQueen/SpiderVenom.png
Items/Armor/DankWood/DankWoodLeggings_Legs.png
Items/Materials/Bars/NovusBar.png
NPCs/Bosses/SpiderQueen/TrappingWeb.cs
Items/Armor/Vibranium/VibraniumHood_Head.png
Items/Armor/Vibranium/VibraniumHat_Head.png
Items/Armor/Vanity/AncientSpaceDiver/AncientSpaceDiverHelm_Head.png
Items/Armor/Blazewyrm/BlazewyrmLeggings_Legs.png
Tiles/Furniture/DankWood/DankWoodLamp_Flame.png
Dusts/FadeDust.png
Tiles/Environment/EntrophicOre.png
Generation/Overworld/DankShrineWaterStyle.png
Tiles/Bars/NovusOreTile.png
Items/Armor/Magatsu/MagatsuPants_Legs.png
Items/Armor/Vibranium/VibraniumHeadgear.png
Tiles/Bars/Photosyte.cs
Items/Armor/Vanity/AncientUnmaned/AncientUnmanedLeggings.png
Items/Armor/Vibranium/VibraniumLeggings.png
Items/Materials/Bars/NovusOre.png
Tiles/Furniture/DankWood/DankWoodLantern.png
Tiles/Furniture/DankWood/DankWoodBlock.png
Items/Armor/Engineer/ShoulderLauncher2.png
Tiles/Furniture/DankWood/DankWoodLantern_Flame.png
Tiles/Furniture/DankWood/DankWoodPiano.png
Tiles/Furniture/Paintings/SGAPaintings12X8.png
NPCs/TownNPCs/Shimmered/Dergon.png
Items/Armor/Vibranium/VibraniumHeadgear_Head.png
NPCs/TownNPCs/Gores/ContrabandMerchant_Gore_Arm.png
Items/Materials/BossDrops/CobaltWraithShard.png
Items/Armor/Magatsu/MagatsuHood.png
Items/Armor/Vibranium/VibraniumHelmet.png
Items/Materials/Bars/Other.cs
NPCs/TownNPCs/Shimmered/Dergon_Head.png
Items/Materials/BossDrops/CopperWraithNotch.png
Items/Armor/Vibranium/VibraniumLeggings_Legs.png
Items/Materials/BossDrops/CopperWraithShard.png
Items/Armor/Engineer/ShoulderMount1.png
Items/Armor/Vibranium/VibraniumMask.png
Items/Armor/Engineer/ShoulderMount2.png
Items/Materials/BossDrops/CosmicFragment.png
Generation/Overworld/DankShrineWaterStyle_Block.png
Items/Consumables/BossSummons/LunarWraithCoreFragment.png
Items/Armor/Fames/Fames.cs
Tiles/Bars/AdvancedPlatingTile.png
Items/Consumables/BossSummons/Prettygel.png
Items/Armor/Fames/FamesChestplate.png
Tiles/Environment/SwampWall.png
Tiles/Furniture/DankWood/DankWoodPlatformTile.png
Items/Consumables/BossSummons/RoilingSludge.png
Tiles/Environment/Tiles.cs
Tiles/Furniture/DankWood/DankWoodSink.png
Items/Armor/Vanity/MasterfullyCraftedHatOfTheDragonGods.png
Items/Consumables/BossSummons/WraithCoreFragment.png
Items/Armor/Vanity/BossMasks/SpiderQueenMask.png
Items/Armor/Magatsu/MagatsuRobes.png
Tiles/Bars/BarTiles.cs
Tiles/Bars/Photosyte.png
Items/Armor/Engineer/EngineerHelmet_Head.png
Tiles/Bars/PlatingTiles.cs
Items/Armor/Engineer/EngineerLeggings.png
Tiles/Bars/PrismalTile.cs
Items/Armor/Magatsu/MagatsuHood_Glow.png
Items/Armor/Blazewyrm/BlazewyrmLeggings_Legs_Glow.png
Items/Armor/DankWood/DankWood.cs
Items/Consumables/ContrabandCrates/LootBoxAccessories.png
Items/Armor/DankWood/DankWoodChestplate.png
Generation/Overworld/DankShrineWaterStyle_Slope.png
Items/Armor/Mandala/MandalaChestplate_Body.png
Items/Consumables/ContrabandCrates/LootBoxAccessoriesEX.png
Dusts/HotDust.cs
Tiles/Environment/WatcherOre.png
Dusts/HotDust.png
Items/Armor/Engineer/EngineerLeggings_Legs.png
Items/Armor/Engineer/ShoulderLauncher1.png
Assets/Textures/Backgrounds/DankShrineBiome0.png
Items/Armor/Illuminant/IlluminantChestplate.png
Items/Armor/Fames/FamesLeggings_Legs_Glow.png
Items/Armor/HallowedVisor/AncientHallowedVisor.png
Items/Armor/Vanity/BossMasks/SpiderQueenMask_Head.png
Items/Placeable/Furniture/DankWood/BrokenDankWoodFence.png
Tiles/Furniture/DankWood/DankWoodBookcase.png
Items/Armor/DankWood/DankWoodChestplate_Body.png
Items/Placeable/Furniture/DankWood/DankDoorBlocks.cs
Items/Armor/DankWood/DankWoodHelmet.png
Items/Armor/Fames/FamesChestplate_Body.png
Items/Placeable/Furniture/DankWood/DankDoorItem.png
Tiles/Furniture/DankWood/DankWoodCampfire.cs
Items/Placeable/Furniture/DankWood/DankWood.cs
Items/Placeable/Furniture/DankWood/DankWoodBathtub.png
Items/Placeable/Furniture/DankWood/DankWoodBed.png
Items/Placeable/Furniture/DankWood/DankWoodBookcase.png
Tiles/Furniture/Paintings/SGAPaintings15X11.png
Items/Armor/HallowedVisor/AncientHallowedVisor_Head.png
Items/Armor/HallowedVisor/HallowedVisor.cs
Tiles/Furniture/Paintings/SGAPaintings3X3.png
Items/Placeable/Furniture/DankWood/DankWoodCampfire.cs
Items/Materials/BossDrops/EldritchTentacle.png
Items/Armor/Fames/FamesHelmet.png
Items/Armor/HallowedVisor/HallowedVisor.png
Items/Armor/Mandala/MandalaHood_Glow.png
Dusts/LeviDust.cs
Items/Armor/Vanity/MasterfullyCraftedHatOfTheDragonGods_Head.png
Items/Armor/Mandala/MandalaHood.png
Items/Armor/Novite/NoviteLeggings.png
Tiles/Bars/PrismalTile.png
Tiles/Furniture/Paintings/SGAPaintings6X4.png
Items/Armor/Vanity/AncientSpaceDiver/AncientSpaceDiver.cs
Items/Consumables/GrabBags/TreasureBagSpiderQueen.png
Items/Armor/Mandala/MandalaHood_Head.png
Items/Armor/Mandala/MandalaLeggings.png
Items/Armor/Vanity/AncientUnmaned/AncientUnmanedLeggings_Legs.png
NPCs/TownNPCs/Dergon_old.png
Items/Placeable/Furniture/DankWood/DankWoodCampfire.png
Items/Placeable/Furniture/DankWood/DankWoodChair.png
Items/Placeable/Furniture/DankWood/DankWoodClock.png
Items/Armor/Novite/NoviteLeggings_Legs.png
Items/Armor/MisterCreeper/MisterCreeperHead_Head.png
Items/Armor/Mandala/MandalaLeggings_Glow.png
Items/Placeable/Furniture/DankWood/DankWoodDresser.png
Items/Armor/Illuminant/IlluminantChestplate_Body.png
Items/Armor/MisterCreeper/MisterCreeperLegs.png
Items/Armor/Vanity/BossMasks/BossMasks.cs
Items/Placeable/Furniture/DankWood/DankWoodFence.png
Items/Armor/Illuminant/IlluminantHelmet.png
Tiles/Bars/BarTiles.png
Items/Placeable/Furniture/DankWood/DankWoodFurnitureItems.cs
Items/Placeable/Furniture/DankWood/DankWoodItem.png
Items/Consumables/ContrabandCrates/LootBoxDeeperDungeons.png
Items/Placeable/Furniture/DankWood/DankWoodLamp.png
Items/Placeable/Furniture/DankWood/DankWoodLantern.png
Items/Placeable/Furniture/DankWood/DankWoodPiano.png
Items/Consumables/ContrabandCrates/LootBoxPotions.png
Items/Armor/Novus/NovusBreastplate_Body.png
Items/Placeable/Furniture/DankWood/DankWoodPlatform.png
Items/Consumables/Potions/FlaskOfAcid.png
Items/Armor/HallowedVisor/HallowedVisor_Head.png
Tiles/Bars/VibraniumCrystalTile.png
Items/Placeable/Furniture/DankWood/DankWoodSink.png
Items/Armor/Mandala/MandalaLeggings_Legs.png
Items/Armor/Novus/NovusHood.png
Items/Armor/IDG/IDG.cs_
Items/Armor/Mangrove/Mangrove.cs_
Items/Armor/Mangrove/MangroveChestplate.png
Items/Armor/Illuminant/IlluminantHelmet_Head.png
Items/Armor/IDG/IDGBreastplate.png
Items/Placeable/Furniture/DankWood/DankWoodToilet.png
Items/Consumables/Potions/ClarityPotion.png
Items/Placeable/Furniture/DankWood/DankWoodSofa.png
Items/Consumables/Potions/FlaskOfBlaze.png
Generation/Overworld/DankShrine_Background.png
NPCs/TownNPCs/Shimmered/DrakenFly.png
Items/Armor/Vibranium/VibraniumMask_Head.png
Items/Consumables/ContrabandCrates/LootBoxVanillaHardmodePotions.png
Items/Armor/Vanity/AncientSpaceDiver/AncientSpaceDiverHelm_Head_Glowmask.png
Items/Armor/Vanity/AncientSpaceDiver/AncientSpaceDiverLeggings.png
Items/Armor/Novus/NovusHood_Head.png
Items/Consumables/BossSummons/AcidicEgg.cs
Tiles/Environment/Spacerock2.png
Items/Armor/Novus/NovusLeggings.png
Items/Consumables/BossSummons/AcidicEgg.png
Items/Armor/Illuminant/IlluminantLeggings.png
Items/Consumables/Other/BoneBucket.png
Items/Placeable/Furniture/DankWood/DankWoodTorch.png
Items/Placeable/Furniture/DankWood/DankWoodTorch_Flame.png
Items/Armor/Magatsu/MagatsuHood_Head.png
Items/Placeable/Furniture/DankWood/DankWoodWall.cs
Items/Armor/MisterCreeper/MisterCreeperLegs_Legs.png
Items/Placeable/Furniture/DankWood/DankWoodWall.png
Items/Armor/Fames/FamesHelmet_Head.png
Items/Placeable/Furniture/DankWood/DankWoodTable.png
Items/Armor/Novus/Novus.cs
Items/Consumables/BossSummons/BossSummonBase.cs
Items/Consumables/Potions/CondenserPotion.png
Items/Consumables/Other/EntropicRelocator.png
Items/Armor/Nomadic/Nomadic.cs
Items/Armor/Magatsu/MagatsuNullWatcher.png
Items/Armor/Nomadic/NomadicHood.png
Items/Consumables/Other/Gong.png
Tiles/Bars/VibraniumPlatingTile.png
Items/Consumables/Other/HopefulHeartItem.png
Tiles/Bars/VirulentOre.cs
Items/Consumables/Other/RedManaStar.png
NPCs/TownNPCs/Gores/ContrabandMerchant_Gore_Head.png
Items/Armor/Novus/NovusLeggings_Legs.png
Items/Armor/Mangrove/MangroveChest_Body.png
Items/Armor/Mangrove/MangroveGreaves.png
Items/Armor/SpaceDiver/SpaceDiver.cs_
Items/Armor/SpaceDiver/SpaceDiverChestplate.png
Items/Armor/Novus/NovusBreastplate.png
Items/Armor/Illuminant/IlluminantLeggings_Legs.png
Items/Consumables/Other/TransmutationPowder.png
Items/Armor/Vanity/AncientSpaceDiver/AncientSpaceDiverLeggings_Legs.png
Items/Placeable/Furniture/DankWood/DankWoodWorkbench.png
Items/Placeable/Furniture/DankWood/NoviteCandelabra.png
Items/Armor/Vanity/AncientUnmaned/AncientUnmaned.cs
Items/Placeable/Furniture/DankWood/NoviteCandle.png
Items/Armor/Vanity/AncientUnmaned/AncientUnmanedBreastplate.png
Tiles/Furniture/DankWood/DankWoodCampfire.png
Items/Consumables/BossSummons/ConchHorn.png
Tiles/Furniture/DankWood/DankWoodSofa.png
Items/Armor/Mangrove/MangroveGreaves_Legs.png
Items/Armor/Fames/FamesHelmet_Head_Glow.png
Items/Armor/Mangrove/MangroveHelmet.png
Tiles/Environment/Spacerock.png
Items/Placeable/Furniture/DankWood/NoviteCandle_Flame.png
Items/Armor/IDG/IDGBreastplate_Body.png
Items/Consumables/Other/TrueWraithNotch.png
Items/Armor/IDG/IDGHead.png
Items/Consumables/BossSummons/EmpoweredWraithCoreFragment.png
Tiles/Furniture/DankWood/DankWoodCampfire_Flame.png
Items/Armor/Mangrove/MangroveHelmet_Head.png
Tiles/Bars/VirulentOre.png
Items/Armor/Magatsu/MagatsuPants.png
Items/Armor/Mandala/Mandala.cs_
Tiles/Furniture/DankWood/DankWoodCampfire_Highlight.png
Items/Armor/Fames/FamesHungerBuff.png
Items/Placeable/Furniture/DankWood/NoviteChandelier.png
Tiles/Furniture/DankWood/DankWoodSofa_Highlight.png
Items/Armor/Nomadic/NomadicHood_Head.png
Items/Armor/Mandala/MandalaChestplate.png
NPCs/TownNPCs/Gores/ContrabandMerchant_Gore_Head_alt.png
Tiles/CraftingStations/PrismalExtractor.cs
Items/Armor/MisterCreeper/MisterCreeper.cs_
Items/Armor/Nomadic/NomadicPants.png
Items/Consumables/Potions/ConsumeHell.png
Tiles/CraftingStations/PrismalExtractor.png
NPCs/TownNPCs/Dergon_oldish.png
Items/Consumables/ContrabandCrates/LootBoxVanillaPotions.png
Tiles/Environment/MoistStone.png
Items/Armor/Vanity/AncientUnmaned/AncientUnmanedBreastplate_Body.png
Items/Armor/IDG/IDGHead_Glow.png
Items/Armor/JellyBru/Jellybru.cs_
Items/Armor/Fames/FamesLeggings.png
Tiles/Furniture/DankWood/DankWoodChair.png
Items/Armor/Vanity/AncientUnmaned/AncientUnmanedHood.png
Items/Consumables/Potions/DeificHealingPotion.png
Items/Armor/JellyBru/JellybruChestplate.png
Items/Consumables/Debug/DebugItems.cs
Items/Armor/Nomadic/NomadicPants_Legs.png
Tiles/Environment/Fabric.png
Tiles/Furniture/DankWood/BrokenDankWoodFence.png
Items/Armor/Nomadic/NomadicShirt.png
Items/Armor/MisterCreeper/MisterCreeperBody.png
Tiles/Furniture/DankWood/DankWoodChair_Highlight.png
Tiles/Furniture/DankWood/DankDoorClosed.png
Items/Consumables/Potions/DeificHealingPotionEffect.png
NPCs/TownNPCs/Draken.cs
Items/Consumables/GrabBags/DankCrate.png
Items/Consumables/GrabBags/MangroveCrate.png
Items/Consumables/Potions/DragonsMightPotion.png
Tiles/Furniture/DankWood/DankDoorClosed_Highlight.png
Items/Consumables/GrabBags/StartingBag.cs
Items/Consumables/Potions/EnergizerBattery.png
Items/Armor/IDG/IDGHead_Head.png
Items/Armor/SpaceDiver/SpaceDiverChestplate_Body.png
Items/Armor/SpaceDiver/SpaceDiverHelmet.png
Tiles/Furniture/DankWood/DankDoorOpen.png
Tiles/Furniture/DankWood/DankWoodClock.png
Items/Armor/Fames/FamesLeggings_Legs.png
Tiles/Furniture/DankWood/DankWoodClock_Highlight.png
Tiles/Furniture/DankWood/DankWoodDresser.png
Items/Consumables/Potions/EnergyPotion.png
Items/Consumables/GrabBags/StartingBag.png
Tiles/Furniture/DankWood/DankWoodDresser_Highlight.png
Items/Consumables/GrabBags/TreasureBags.cs
Tiles/Furniture/DankWood/DankDoorOpen_Highlight.png
Tiles/Furniture/DankWood/DankWoodBathtub.png
Items/Armor/SpaceDiver/SpaceDiverHelmet_Glow.png
NPCs/TownNPCs/DrakenFly.png
Items/Armor/IDG/IDGLegs.png
Tiles/Furniture/DankWood/DankWoodBed.png
Items/Armor/MisterCreeper/MisterCreeperBody_Body.png
NPCs/TownNPCs/GlobalTownNPCs.cs
Items/Armor/MisterCreeper/MisterCreeperHead.png
Items/Armor/Nomadic/NomadicShirt_Body.png
Items/Armor/JellyBru/JellybruChestplate_Body.png
Items/Armor/JellyBru/JellybruHelmet.png
Items/Armor/Nomadic/SandySwiftnessBuff.png
Items/Armor/Novite/Novite.cs
Items/Armor/Novite/NoviteChestplate.png
Items/Armor/IDG/IDGLegs_Glow.png
Tiles/Furniture/DankWood/DankWoodFence.png
Items/Armor/IDG/IDGLegs_Legs.png
Tiles/Environment/HopeOre.png
Items/Armor/Illuminant/Illuminant.cs_
Tiles/Furniture/DankWood/DankWoodFurnitureTiles.cs
Tiles/Furniture/DankWood/DankWoodLamp.png
Items/Armor/Novite/NoviteChestplate_Body.png
Items/Armor/Novite/NoviteHelmet.png
Items/Armor/Novite/NoviteHelmet_Head.png
Tiles/Environment/MoistSand.png
Tiles/Environment/MoistStone.cs
